2020-09-245 23:29:51 INFO  Practice1:40 - launch chrome browser
  2020-09-245 23:29:51 INFO  Practice1:49 - open url
  2020-09-245 23:29:56 INFO  Practice1:55 - enter serid and password
  2020-09-245 23:30:06 INFO  Practice1:62 - clcik on login button
  2020-09-245 23:30:19 INFO  Practice1:78 - login was successful
  2020-09-245 23:30:19 INFO  Practice1:85 - click on logout
  2020-09-245 23:30:26 INFO  Practice1:78 - login was successful
  2020-09-245 23:30:31 INFO  Practice1:94 - close browser
  2020-09-245 23:46:49 INFO  Practice1:40 - launch chrome browser
  2020-09-245 23:46:49 INFO  Practice1:49 - open url
  2020-09-245 23:46:54 INFO  Practice1:55 - enter serid and password
  2020-09-245 23:47:04 INFO  Practice1:62 - clcik on login button
  2020-09-245 23:47:17 INFO  Practice1:78 - login was successful
  2020-09-245 23:47:17 INFO  Practice1:85 - click on logout
  2020-09-245 23:47:25 INFO  Practice1:78 - login was successful
  2020-09-245 23:47:30 INFO  Practice1:94 - close browser
  2020-09-245 23:51:58 INFO  Practice1:40 - launch chrome browser
  2020-09-245 23:51:58 INFO  Practice1:49 - open url
  2020-09-245 23:52:04 INFO  Practice1:55 - enter serid and password
  2020-09-245 23:52:14 INFO  Practice1:62 - clcik on login button
  2020-09-245 23:52:26 INFO  Practice1:78 - login was successful
  2020-09-245 23:52:26 INFO  Practice1:85 - click on logout
  2020-09-245 23:52:33 INFO  Practice1:78 - login was successful
  2020-09-245 23:52:38 INFO  Practice1:94 - close browser
  2020-09-246 01:30:00 INFO  Practice1:40 - launch chrome browser
  2020-09-246 01:30:00 INFO  Practice1:49 - open url
  2020-09-246 01:30:06 INFO  Practice1:55 - enter serid and password
  2020-09-246 01:30:16 INFO  Practice1:62 - clcik on login button
  2020-09-246 01:30:28 INFO  Practice1:78 - login was successful
  2020-09-246 01:30:28 INFO  Practice1:85 - click on logout
  2020-09-246 01:30:35 INFO  Practice1:78 - login was successful
  2020-09-246 01:30:40 INFO  Practice1:94 - close browser
  